<?xml version="1.0" encoding="UTF-8" ?>
<testsuite errors="1" failures="0" hostname="wignorbo" name="model.PointEntryTest" skipped="0" tests="1" time="0.065" timestamp="2022-04-20T11:01:26">
  <properties>
    <property name="ant.library.dir" value="/usr/share/ant/lib" />
    <property name="awt.toolkit" value="sun.awt.X11.XToolkit" />
    <property name="ant.file.type" value="file" />
    <property name="java.specification.version" value="11" />
    <property name="ant.project.name" value="msp3" />
    <property name="sun.cpu.isalist" value="" />
    <property name="sun.jnu.encoding" value="UTF-8" />
    <property name="java.class.path" value="/home/wignorbo/IdeaProjects/web_lab3_jsf/lib/FastInfoset-1.2.15.jar:/home/wignorbo/IdeaProjects/web_lab3_jsf/lib/antlr-2.7.7.jar:/home/wignorbo/IdeaProjects/web_lab3_jsf/lib/byte-buddy-1.10.10.jar:/home/wignorbo/IdeaProjects/web_lab3_jsf/lib/checker-qual-3.5.0.jar:/home/wignorbo/IdeaProjects/web_lab3_jsf/lib/classmate-1.5.1.jar:/home/wignorbo/IdeaProjects/web_lab3_jsf/lib/dom4j-2.1.3.jar:/home/wignorbo/IdeaProjects/web_lab3_jsf/lib/hamcrest-core-1.3.jar:/home/wignorbo/IdeaProjects/web_lab3_jsf/lib/hibernate-commons-annotations-5.1.0.Final.jar:/home/wignorbo/IdeaProjects/web_lab3_jsf/lib/hibernate-core-5.4.22.Final.jar:/home/wignorbo/IdeaProjects/web_lab3_jsf/lib/istack-commons-runtime-3.0.7.jar:/home/wignorbo/IdeaProjects/web_lab3_jsf/lib/jandex-2.1.3.Final.jar:/home/wignorbo/IdeaProjects/web_lab3_jsf/lib/javassist-3.24.0-GA.jar:/home/wignorbo/IdeaProjects/web_lab3_jsf/lib/javax.activation-api-1.2.0.jar:/home/wignorbo/IdeaProjects/web_lab3_jsf/lib/javax.faces-api-2.3.jar:/home/wignorbo/IdeaProjects/web_lab3_jsf/lib/javax.persistence-api-2.2.jar:/home/wignorbo/IdeaProjects/web_lab3_jsf/lib/jaxb-api-2.3.1.jar:/home/wignorbo/IdeaProjects/web_lab3_jsf/lib/jaxb-runtime-2.3.1.jar:/home/wignorbo/IdeaProjects/web_lab3_jsf/lib/jboss-logging-3.3.2.Final.jar:/home/wignorbo/IdeaProjects/web_lab3_jsf/lib/jboss-transaction-api_1.2_spec-1.1.1.Final.jar:/home/wignorbo/IdeaProjects/web_lab3_jsf/lib/junit-4.13.jar:/home/wignorbo/IdeaProjects/web_lab3_jsf/lib/postgresql-42.2.17.jar:/home/wignorbo/IdeaProjects/web_lab3_jsf/lib/primefaces-11.0.0-RC1.jar:/home/wignorbo/IdeaProjects/web_lab3_jsf/lib/stax-ex-1.8.jar:/home/wignorbo/IdeaProjects/web_lab3_jsf/lib/txw2-2.3.1.jar:/home/wignorbo/IdeaProjects/web_lab3_jsf/target:/home/wignorbo/IdeaProjects/web_lab3_jsf/test_compiled:/usr/share/java/ant/ant-launcher.jar:/usr/share/ant/lib/ant.jar:/usr/share/ant/lib/ant-junit.jar:/usr/share/ant/lib/ant-junit4.jar" />
    <property name="java.vm.vendor" value="Oracle Corporation" />
    <property name="sun.arch.data.model" value="64" />
    <property name="ant.file.type.msp3" value="file" />
    <property name="java.vendor.url" value="https://openjdk.java.net/" />
    <property name="user.timezone" value="" />
    <property name="os.name" value="Linux" />
    <property name="java.vm.specification.version" value="11" />
    <property name="sun.java.launcher" value="SUN_STANDARD" />
    <property name="user.country" value="US" />
    <property name="sun.boot.library.path" value="/usr/lib/jvm/java-11-openjdk/lib" />
    <property name="sun.java.command" value="org.apache.tools.ant.taskdefs.optional.junit.JUnitTestRunner model.PointEntryTest skipNonTests=false filtertrace=true haltOnError=false haltOnFailure=false formatter=org.apache.tools.ant.taskdefs.optional.junit.SummaryJUnitResultFormatter showoutput=false outputtoformatters=true logfailedtests=true threadid=0 logtestlistenerevents=false formatter=org.apache.tools.ant.taskdefs.optional.junit.XMLJUnitResultFormatter,/home/wignorbo/IdeaProjects/web_lab3_jsf/TEST-model.PointEntryTest.xml formatter=org.apache.tools.ant.taskdefs.optional.junit.PlainJUnitResultFormatter,/home/wignorbo/IdeaProjects/web_lab3_jsf/TEST-model.PointEntryTest.txt crashfile=/home/wignorbo/IdeaProjects/web_lab3_jsf/junitvmwatcher15638547780390885939.properties propsfile=/home/wignorbo/IdeaProjects/web_lab3_jsf/junit5310671667436671808.properties" />
    <property name="jdk.debug" value="release" />
    <property name="sun.cpu.endian" value="little" />
    <property name="test.dir" value="${src}/test/java" />
    <property name="user.home" value="/home/wignorbo" />
    <property name="user.language" value="en" />
    <property name="java.specification.vendor" value="Oracle Corporation" />
    <property name="java.version.date" value="2022-04-19" />
    <property name="java.home" value="/usr/lib/jvm/java-11-openjdk" />
    <property name="basedir" value="/home/wignorbo/IdeaProjects/web_lab3_jsf" />
    <property name="file.separator" value="/" />
    <property name="java.vm.compressedOopsMode" value="32-bit" />
    <property name="line.separator" value="&#xa;" />
    <property name="ant.java.version" value="11" />
    <property name="java.vm.specification.vendor" value="Oracle Corporation" />
    <property name="java.specification.name" value="Java Platform API Specification" />
    <property name="java.awt.graphicsenv" value="sun.awt.X11GraphicsEnvironment" />
    <property name="test_bin.dir" value="test_compiled" />
    <property name="sun.management.compiler" value="HotSpot 64-Bit Tiered Compilers" />
    <property name="java.runtime.version" value="11.0.15+3" />
    <property name="user.name" value="wignorbo" />
    <property name="ant.file" value="/home/wignorbo/IdeaProjects/web_lab3_jsf/build.xml" />
    <property name="path.separator" value=":" />
    <property name="os.version" value="5.15.32-1-MANJARO" />
    <property name="java.runtime.name" value="OpenJDK Runtime Environment" />
    <property name="bin.dir" value="target" />
    <property name="file.encoding" value="UTF-8" />
    <property name="ant.project.invoked-targets" value="test" />
    <property name="java.vm.name" value="OpenJDK 64-Bit Server VM" />
    <property name="ant.core.lib" value="/usr/share/ant/lib/ant.jar" />
    <property name="java.vendor.url.bug" value="https://bugreport.java.com/bugreport/" />
    <property name="java.io.tmpdir" value="/tmp" />
    <property name="java.version" value="11.0.15" />
    <property name="user.dir" value="/home/wignorbo/IdeaProjects/web_lab3_jsf" />
    <property name="os.arch" value="amd64" />
    <property name="java.vm.specification.name" value="Java Virtual Machine Specification" />
    <property name="java.awt.printerjob" value="sun.print.PSPrinterJob" />
    <property name="ant.home" value="/usr/share/ant" />
    <property name="lib.dir" value="lib" />
    <property name="sun.os.patch.level" value="unknown" />
    <property name="ant.version" value="Apache Ant(TM) version 1.10.12 compiled on January 21 1970" />
    <property name="java.library.path" value="/usr/java/packages/lib:/usr/lib64:/lib64:/lib:/usr/lib" />
    <property name="jboss.dir" value="/home/wignorbo/wildfly/" />
    <property name="java.vendor" value="Oracle Corporation" />
    <property name="java.vm.info" value="mixed mode" />
    <property name="java.vm.version" value="11.0.15+3" />
    <property name="ant.file.msp3" value="/home/wignorbo/IdeaProjects/web_lab3_jsf/build.xml" />
    <property name="sun.io.unicode.encoding" value="UnicodeLittle" />
    <property name="java.class.version" value="55.0" />
    <property name="src.dir" value="src" />
    <property name="war.name" value="web_lab3_jsf" />
    <property name="ant.project.default-target" value="build" />
  </properties>
  <testcase classname="model.PointEntryTest" name="initializationError" time="0.004">
    <error message="Lorg/example/model/PointEntry;" type="java.lang.NoClassDefFoundError">java.lang.NoClassDefFoundError: Lorg/example/model/PointEntry;
	at java.base/java.lang.Class.getDeclaredFields0(Native Method)
	at java.base/java.lang.Class.privateGetDeclaredFields(Class.java:3061)
	at java.base/java.lang.Class.getDeclaredFields(Class.java:2248)
	at java.base/jdk.internal.reflect.NativeConstructorAccessorImpl.newInstance0(Native Method)
	at java.base/jdk.internal.reflect.NativeConstructorAccessorImpl.newInstance(NativeConstructorAccessorImpl.java:62)
	at java.base/jdk.internal.reflect.DelegatingConstructorAccessorImpl.newInstance(DelegatingConstructorAccessorImpl.java:45)
	at java.base/java.lang.reflect.Constructor.newInstance(Constructor.java:490)
Caused by: java.lang.ClassNotFoundException: org.example.model.PointEntry
	at java.base/jdk.internal.loader.BuiltinClassLoader.loadClass(BuiltinClassLoader.java:581)
	at java.base/jdk.internal.loader.ClassLoaders$AppClassLoader.loadClass(ClassLoaders.java:178)
	at java.base/java.lang.ClassLoader.loadClass(ClassLoader.java:522)
</error>
  </testcase>
  <system-out><![CDATA[]]></system-out>
  <system-err><![CDATA[]]></system-err>
</testsuite>
